{"C:\\Users\\Admin\\Desktop\\cnth\\src\\pages\\BoilerplatePages\\ComponentController.tsx": {"path":"C:\\Users\\Admin\\Desktop\\cnth\\src\\pages\\BoilerplatePages\\ComponentController.tsx","statementMap":{"0":{"start":{"line":2,"column":0},"end":{"line":2,"column":34}},"1":{"start":{"line":53,"column":0},"end":{"line":53,"column":68}},"2":{"start":{"line":53,"column":49},"end":{"line":53,"column":58}},"3":{"start":{"line":55,"column":8},"end":{"line":55,"column":null}},"4":{"start":{"line":68,"column":4},"end":{"line":120,"column":null}},"5":{"start":{"line":68,"column":16},"end":{"line":120,"column":null}},"6":{"start":{"line":70,"column":12},"end":{"line":70,"column":56}},"7":{"start":{"line":72,"column":32},"end":{"line":72,"column":null}},"8":{"start":{"line":72,"column":18},"end":{"line":72,"column":null}},"9":{"start":{"line":73,"column":25},"end":{"line":73,"column":null}},"10":{"start":{"line":73,"column":18},"end":{"line":73,"column":null}},"11":{"start":{"line":75,"column":16},"end":{"line":75,"column":42}},"12":{"start":{"line":77,"column":12},"end":{"line":109,"column":14}},"13":{"start":{"line":78,"column":50},"end":{"line":108,"column":18}},"14":{"start":{"line":79,"column":32},"end":{"line":79,"column":null}},"15":{"start":{"line":79,"column":26},"end":{"line":79,"column":null}},"16":{"start":{"line":80,"column":37},"end":{"line":80,"column":null}},"17":{"start":{"line":80,"column":26},"end":{"line":80,"column":null}},"18":{"start":{"line":82,"column":24},"end":{"line":82,"column":54}},"19":{"start":{"line":84,"column":20},"end":{"line":97,"column":22}},"20":{"start":{"line":85,"column":71},"end":{"line":96,"column":26}},"21":{"start":{"line":86,"column":40},"end":{"line":86,"column":null}},"22":{"start":{"line":86,"column":34},"end":{"line":86,"column":null}},"23":{"start":{"line":87,"column":45},"end":{"line":87,"column":null}},"24":{"start":{"line":87,"column":34},"end":{"line":87,"column":null}},"25":{"start":{"line":89,"column":28},"end":{"line":95,"column":null}},"26":{"start":{"line":89,"column":65},"end":{"line":89,"column":102}},"27":{"start":{"line":90,"column":32},"end":{"line":94,"column":35}},"28":{"start":{"line":99,"column":26},"end":{"line":105,"column":22}},"29":{"start":{"line":107,"column":20},"end":{"line":107,"column":42}},"30":{"start":{"line":111,"column":12},"end":{"line":114,"column":16}},"31":{"start":{"line":111,"column":39},"end":{"line":114,"column":15}},"32":{"start":{"line":116,"column":12},"end":{"line":116,"column":54}},"33":{"start":{"line":118,"column":12},"end":{"line":118,"column":46}},"34":{"start":{"line":137,"column":4},"end":{"line":139,"column":6}},"35":{"start":{"line":138,"column":8},"end":{"line":138,"column":44}},"36":{"start":{"line":141,"column":4},"end":{"line":143,"column":6}},"37":{"start":{"line":141,"column":24},"end":{"line":143,"column":6}},"38":{"start":{"line":142,"column":8},"end":{"line":142,"column":25}},"39":{"start":{"line":57,"column":8},"end":{"line":65,"column":10}},"40":{"start":{"line":122,"column":4},"end":{"line":135,"column":null}},"41":{"start":{"line":122,"column":4},"end":{"line":122,"column":22}},"42":{"start":{"line":123,"column":8},"end":{"line":130,"column":null}},"43":{"start":{"line":124,"column":29},"end":{"line":126,"column":null}},"44":{"start":{"line":125,"column":16},"end":{"line":126,"column":null}},"45":{"start":{"line":129,"column":12},"end":{"line":129,"column":54}},"46":{"start":{"line":132,"column":8},"end":{"line":134,"column":null}},"47":{"start":{"line":133,"column":12},"end":{"line":133,"column":29}},"48":{"start":{"line":144,"column":0},"end":{"line":144,"column":null}}},"fnMap":{"0":{"name":"(anonymous_20)","decl":{"start":{"line":53,"column":0},"end":{"line":53,"column":49}},"loc":{"start":{"line":53,"column":0},"end":{"line":144,"column":null}}},"1":{"name":"ComponentController","decl":{"start":{"line":54,"column":4},"end":{"line":54,"column":16}},"loc":{"start":{"line":54,"column":28},"end":{"line":66,"column":5}}},"2":{"name":"(anonymous_22)","decl":{"start":{"line":68,"column":16},"end":{"line":68,"column":null}},"loc":{"start":{"line":68,"column":16},"end":{"line":120,"column":null}}},"3":{"name":"(anonymous_25)","decl":{"start":{"line":78,"column":33},"end":{"line":78,"column":40}},"loc":{"start":{"line":78,"column":50},"end":{"line":108,"column":18}}},"4":{"name":"(anonymous_26)","decl":{"start":{"line":78,"column":50},"end":{"line":78,"column":null}},"loc":{"start":{"line":78,"column":50},"end":{"line":108,"column":18}}},"5":{"name":"(anonymous_28)","decl":{"start":{"line":85,"column":43},"end":{"line":85,"column":50}},"loc":{"start":{"line":85,"column":71},"end":{"line":96,"column":26}}},"6":{"name":"(anonymous_29)","decl":{"start":{"line":85,"column":71},"end":{"line":85,"column":null}},"loc":{"start":{"line":85,"column":71},"end":{"line":96,"column":26}}},"7":{"name":"(anonymous_31)","decl":{"start":{"line":89,"column":49},"end":{"line":89,"column":61}},"loc":{"start":{"line":89,"column":61},"end":{"line":89,"column":77}}},"8":{"name":"(anonymous_32)","decl":{"start":{"line":111,"column":26},"end":{"line":111,"column":35}},"loc":{"start":{"line":111,"column":35},"end":{"line":111,"column":40}}},"9":{"name":"(anonymous_33)","decl":{"start":{"line":137,"column":19},"end":{"line":137,"column":20}},"loc":{"start":{"line":137,"column":32},"end":{"line":139,"column":5}}},"10":{"name":"(anonymous_34)","decl":{"start":{"line":141,"column":24},"end":{"line":141,"column":null}},"loc":{"start":{"line":141,"column":24},"end":{"line":143,"column":6}}},"11":{"name":"(anonymous_37)","decl":{"start":{"line":122,"column":4},"end":{"line":122,"column":22}},"loc":{"start":{"line":122,"column":73},"end":{"line":135,"column":5}}},"12":{"name":"(anonymous_38)","decl":{"start":{"line":124,"column":52},"end":{"line":124,"column":53}},"loc":{"start":{"line":124,"column":60},"end":{"line":125,"column":23}}}},"branchMap":{"0":{"loc":{"start":{"line":55,"column":8},"end":{"line":55,"column":null}},"type":"binary-expr","locations":[{"start":{"line":55,"column":8},"end":{"line":55,"column":20}},{"start":{"line":55,"column":20},"end":{"line":55,"column":null}}]},"1":{"loc":{"start":{"line":79,"column":32},"end":{"line":79,"column":null}},"type":"switch","locations":[{"start":{"line":79,"column":32},"end":{"line":79,"column":null}}]},"2":{"loc":{"start":{"line":86,"column":40},"end":{"line":86,"column":null}},"type":"switch","locations":[{"start":{"line":86,"column":40},"end":{"line":86,"column":null}}]},"3":{"loc":{"start":{"line":89,"column":28},"end":{"line":95,"column":null}},"type":"if","locations":[{"start":{"line":89,"column":28},"end":{"line":95,"column":null}}]},"4":{"loc":{"start":{"line":123,"column":8},"end":{"line":130,"column":null}},"type":"if","locations":[{"start":{"line":123,"column":8},"end":{"line":130,"column":null}}]},"5":{"loc":{"start":{"line":125,"column":16},"end":{"line":126,"column":72}},"type":"binary-expr","locations":[{"start":{"line":125,"column":16},"end":{"line":125,"column":88}},{"start":{"line":126,"column":16},"end":{"line":126,"column":72}}]},"6":{"loc":{"start":{"line":132,"column":8},"end":{"line":134,"column":null}},"type":"if","locations":[{"start":{"line":132,"column":8},"end":{"line":134,"column":null}}]}},"s":{"0":1,"1":1,"2":1,"3":0,"4":0,"5":0,"6":0,"7":0,"8":0,"9":0,"10":0,"11":0,"12":0,"13":0,"14":0,"15":0,"16":0,"17":0,"18":0,"19":0,"20":0,"21":0,"22":0,"23":0,"24":0,"25":0,"26":0,"27":0,"28":0,"29":0,"30":0,"31":0,"32":0,"33":0,"34":0,"35":0,"36":0,"37":0,"38":0,"39":0,"40":1,"41":0,"42":0,"43":0,"44":0,"45":0,"46":0,"47":0,"48":1},"f":{"0":1,"1":0,"2":0,"3":0,"4":0,"5":0,"6":0,"7":0,"8":0,"9":0,"10":0,"11":0,"12":0},"b":{"0":[0,0],"1":[0],"2":[0],"3":[0],"4":[0],"5":[0,0],"6":[0]}}
,"C:\\Users\\Admin\\Desktop\\cnth\\src\\pages\\BoilerplatePages\\ComponentView.tsx": {"path":"C:\\Users\\Admin\\Desktop\\cnth\\src\\pages\\BoilerplatePages\\ComponentView.tsx","statementMap":{"0":{"start":{"line":2,"column":0},"end":{"line":2,"column":40}},"1":{"start":{"line":3,"column":0},"end":{"line":3,"column":61}},"2":{"start":{"line":5,"column":0},"end":{"line":5,"column":56}},"3":{"start":{"line":6,"column":0},"end":{"line":6,"column":41}},"4":{"start":{"line":7,"column":0},"end":{"line":7,"column":72}},"5":{"start":{"line":9,"column":0},"end":{"line":9,"column":null}},"6":{"start":{"line":9,"column":38},"end":{"line":9,"column":57}},"7":{"start":{"line":10,"column":4},"end":{"line":37,"column":null}},"8":{"start":{"line":10,"column":4},"end":{"line":10,"column":10}},"9":{"start":{"line":11,"column":8},"end":{"line":36,"column":10}},"10":{"start":{"line":20,"column":69},"end":{"line":20,"column":87}},"11":{"start":{"line":22,"column":43},"end":{"line":22,"column":45}},"12":{"start":{"line":22,"column":50},"end":{"line":22,"column":52}},"13":{"start":{"line":22,"column":57},"end":{"line":24,"column":null}},"14":{"start":{"line":25,"column":48},"end":{"line":25,"column":null}},"15":{"start":{"line":27,"column":28},"end":{"line":29,"column":null}},"16":{"start":{"line":28,"column":32},"end":{"line":28,"column":82}},"17":{"start":{"line":31,"column":51},"end":{"line":31,"column":null}},"18":{"start":{"line":38,"column":0},"end":{"line":38,"column":null}}},"fnMap":{"0":{"name":"(anonymous_9)","decl":{"start":{"line":9,"column":0},"end":{"line":9,"column":38}},"loc":{"start":{"line":9,"column":0},"end":{"line":38,"column":null}}},"1":{"name":"(anonymous_11)","decl":{"start":{"line":10,"column":4},"end":{"line":10,"column":10}},"loc":{"start":{"line":10,"column":4},"end":{"line":37,"column":5}}},"2":{"name":"(anonymous_12)","decl":{"start":{"line":20,"column":59},"end":{"line":20,"column":60}},"loc":{"start":{"line":20,"column":64},"end":{"line":20,"column":70}}},"3":{"name":"(anonymous_13)","decl":{"start":{"line":22,"column":36},"end":{"line":22,"column":37}},"loc":{"start":{"line":22,"column":52},"end":{"line":22,"column":null}}},"4":{"name":"(anonymous_14)","decl":{"start":{"line":25,"column":38},"end":{"line":25,"column":39}},"loc":{"start":{"line":25,"column":43},"end":{"line":25,"column":52}}},"5":{"name":"(anonymous_15)","decl":{"start":{"line":26,"column":38},"end":{"line":26,"column":null}},"loc":{"start":{"line":26,"column":38},"end":{"line":30,"column":25}}},"6":{"name":"(anonymous_16)","decl":{"start":{"line":31,"column":45},"end":{"line":31,"column":51}},"loc":{"start":{"line":31,"column":45},"end":{"line":31,"column":52}}}},"branchMap":{"0":{"loc":{"start":{"line":18,"column":17},"end":{"line":33,"column":null}},"type":"cond-expr","locations":[{"start":{"line":18,"column":36},"end":{"line":18,"column":65}},{"start":{"line":19,"column":20},"end":{"line":32,"column":null}}]},"1":{"loc":{"start":{"line":27,"column":28},"end":{"line":29,"column":null}},"type":"if","locations":[{"start":{"line":27,"column":28},"end":{"line":29,"column":null}}]},"2":{"loc":{"start":{"line":27,"column":32},"end":{"line":27,"column":77}},"type":"binary-expr","locations":[{"start":{"line":27,"column":32},"end":{"line":27,"column":51}},{"start":{"line":27,"column":55},"end":{"line":27,"column":77}}]},"3":{"loc":{"start":{"line":31,"column":52},"end":{"line":31,"column":114}},"type":"cond-expr","locations":[{"start":{"line":31,"column":73},"end":{"line":31,"column":107}},{"start":{"line":31,"column":110},"end":{"line":31,"column":114}}]}},"s":{"0":1,"1":1,"2":1,"3":1,"4":1,"5":1,"6":1,"7":1,"8":0,"9":0,"10":0,"11":0,"12":0,"13":0,"14":0,"15":0,"16":0,"17":0,"18":1},"f":{"0":1,"1":0,"2":0,"3":0,"4":0,"5":0,"6":0},"b":{"0":[0,0],"1":[0],"2":[0,0],"3":[0,0]}}
,"C:\\Users\\Admin\\Desktop\\cnth\\src\\pages\\DetailPages\\ComponentController.tsx": {"path":"C:\\Users\\Admin\\Desktop\\cnth\\src\\pages\\DetailPages\\ComponentController.tsx","statementMap":{"0":{"start":{"line":2,"column":0},"end":{"line":2,"column":34}},"1":{"start":{"line":65,"column":0},"end":{"line":65,"column":68}},"2":{"start":{"line":65,"column":49},"end":{"line":65,"column":58}},"3":{"start":{"line":68,"column":4},"end":{"line":68,"column":16}},"4":{"start":{"line":69,"column":8},"end":{"line":69,"column":null}},"5":{"start":{"line":66,"column":12},"end":{"line":66,"column":52}},"6":{"start":{"line":82,"column":4},"end":{"line":151,"column":null}},"7":{"start":{"line":82,"column":36},"end":{"line":151,"column":null}},"8":{"start":{"line":83,"column":8},"end":{"line":83,"column":41}},"9":{"start":{"line":86,"column":12},"end":{"line":86,"column":43}},"10":{"start":{"line":88,"column":36},"end":{"line":88,"column":null}},"11":{"start":{"line":88,"column":18},"end":{"line":88,"column":null}},"12":{"start":{"line":89,"column":12},"end":{"line":89,"column":85}},"13":{"start":{"line":89,"column":37},"end":{"line":89,"column":85}},"14":{"start":{"line":90,"column":32},"end":{"line":90,"column":null}},"15":{"start":{"line":90,"column":18},"end":{"line":90,"column":null}},"16":{"start":{"line":93,"column":36},"end":{"line":93,"column":null}},"17":{"start":{"line":93,"column":18},"end":{"line":93,"column":null}},"18":{"start":{"line":94,"column":12},"end":{"line":94,"column":93}},"19":{"start":{"line":94,"column":37},"end":{"line":94,"column":93}},"20":{"start":{"line":95,"column":32},"end":{"line":95,"column":null}},"21":{"start":{"line":95,"column":18},"end":{"line":95,"column":null}},"22":{"start":{"line":98,"column":16},"end":{"line":98,"column":46}},"23":{"start":{"line":99,"column":12},"end":{"line":116,"column":14}},"24":{"start":{"line":100,"column":66},"end":{"line":115,"column":18}},"25":{"start":{"line":102,"column":45},"end":{"line":102,"column":null}},"26":{"start":{"line":102,"column":30},"end":{"line":102,"column":null}},"27":{"start":{"line":103,"column":24},"end":{"line":103,"column":113}},"28":{"start":{"line":103,"column":46},"end":{"line":103,"column":113}},"29":{"start":{"line":104,"column":41},"end":{"line":104,"column":null}},"30":{"start":{"line":104,"column":30},"end":{"line":104,"column":null}},"31":{"start":{"line":105,"column":24},"end":{"line":111,"column":null}},"32":{"start":{"line":105,"column":61},"end":{"line":105,"column":98}},"33":{"start":{"line":106,"column":28},"end":{"line":110,"column":31}},"34":{"start":{"line":113,"column":24},"end":{"line":113,"column":76}},"35":{"start":{"line":117,"column":18},"end":{"line":135,"column":null}},"36":{"start":{"line":132,"column":20},"end":{"line":132,"column":48}},"37":{"start":{"line":134,"column":20},"end":{"line":134,"column":48}},"38":{"start":{"line":137,"column":12},"end":{"line":145,"column":15}},"39":{"start":{"line":147,"column":12},"end":{"line":147,"column":44}},"40":{"start":{"line":149,"column":12},"end":{"line":149,"column":46}},"41":{"start":{"line":153,"column":4},"end":{"line":155,"column":6}},"42":{"start":{"line":154,"column":8},"end":{"line":154,"column":44}},"43":{"start":{"line":157,"column":4},"end":{"line":164,"column":6}},"44":{"start":{"line":158,"column":8},"end":{"line":160,"column":null}},"45":{"start":{"line":159,"column":12},"end":{"line":159,"column":41}},"46":{"start":{"line":161,"column":8},"end":{"line":163,"column":17}},"47":{"start":{"line":162,"column":12},"end":{"line":162,"column":74}},"48":{"start":{"line":71,"column":8},"end":{"line":79,"column":10}},"49":{"start":{"line":166,"column":4},"end":{"line":172,"column":null}},"50":{"start":{"line":167,"column":8},"end":{"line":168,"column":38}},"51":{"start":{"line":170,"column":8},"end":{"line":171,"column":59}},"52":{"start":{"line":174,"column":4},"end":{"line":176,"column":null}},"53":{"start":{"line":175,"column":8},"end":{"line":175,"column":46}},"54":{"start":{"line":178,"column":4},"end":{"line":180,"column":null}},"55":{"start":{"line":179,"column":8},"end":{"line":179,"column":55}},"56":{"start":{"line":182,"column":0},"end":{"line":182,"column":null}}},"fnMap":{"0":{"name":"(anonymous_19)","decl":{"start":{"line":65,"column":0},"end":{"line":65,"column":49}},"loc":{"start":{"line":65,"column":0},"end":{"line":182,"column":null}}},"1":{"name":"ComponentController","decl":{"start":{"line":68,"column":4},"end":{"line":68,"column":16}},"loc":{"start":{"line":68,"column":28},"end":{"line":80,"column":5}}},"2":{"name":"(anonymous_21)","decl":{"start":{"line":82,"column":16},"end":{"line":82,"column":23}},"loc":{"start":{"line":82,"column":36},"end":{"line":151,"column":null}}},"3":{"name":"(anonymous_22)","decl":{"start":{"line":82,"column":36},"end":{"line":82,"column":null}},"loc":{"start":{"line":82,"column":36},"end":{"line":151,"column":null}}},"4":{"name":"(anonymous_24)","decl":{"start":{"line":100,"column":38},"end":{"line":100,"column":45}},"loc":{"start":{"line":100,"column":66},"end":{"line":115,"column":18}}},"5":{"name":"(anonymous_25)","decl":{"start":{"line":100,"column":66},"end":{"line":100,"column":null}},"loc":{"start":{"line":100,"column":66},"end":{"line":115,"column":18}}},"6":{"name":"(anonymous_27)","decl":{"start":{"line":105,"column":45},"end":{"line":105,"column":57}},"loc":{"start":{"line":105,"column":57},"end":{"line":105,"column":73}}},"7":{"name":"(anonymous_28)","decl":{"start":{"line":131,"column":65},"end":{"line":131,"column":66}},"loc":{"start":{"line":131,"column":102},"end":{"line":132,"column":24}}},"8":{"name":"(anonymous_29)","decl":{"start":{"line":133,"column":50},"end":{"line":133,"column":51}},"loc":{"start":{"line":133,"column":87},"end":{"line":134,"column":24}}},"9":{"name":"(anonymous_30)","decl":{"start":{"line":153,"column":19},"end":{"line":153,"column":20}},"loc":{"start":{"line":153,"column":32},"end":{"line":155,"column":5}}},"10":{"name":"(anonymous_31)","decl":{"start":{"line":157,"column":25},"end":{"line":157,"column":null}},"loc":{"start":{"line":157,"column":25},"end":{"line":164,"column":5}}},"11":{"name":"(anonymous_32)","decl":{"start":{"line":161,"column":36},"end":{"line":161,"column":null}},"loc":{"start":{"line":161,"column":36},"end":{"line":163,"column":9}}},"12":{"name":"(anonymous_33)","decl":{"start":{"line":166,"column":4},"end":{"line":166,"column":22}},"loc":{"start":{"line":166,"column":53},"end":{"line":172,"column":5}}},"13":{"name":"(anonymous_34)","decl":{"start":{"line":174,"column":4},"end":{"line":174,"column":21}},"loc":{"start":{"line":174,"column":4},"end":{"line":176,"column":5}}},"14":{"name":"(anonymous_35)","decl":{"start":{"line":178,"column":4},"end":{"line":178,"column":24}},"loc":{"start":{"line":178,"column":4},"end":{"line":180,"column":5}}}},"branchMap":{"0":{"loc":{"start":{"line":69,"column":8},"end":{"line":69,"column":null}},"type":"binary-expr","locations":[{"start":{"line":69,"column":8},"end":{"line":69,"column":20}},{"start":{"line":69,"column":20},"end":{"line":69,"column":null}}]},"1":{"loc":{"start":{"line":89,"column":12},"end":{"line":89,"column":85}},"type":"if","locations":[{"start":{"line":89,"column":12},"end":{"line":89,"column":85}}]},"2":{"loc":{"start":{"line":94,"column":12},"end":{"line":94,"column":93}},"type":"if","locations":[{"start":{"line":94,"column":12},"end":{"line":94,"column":93}}]},"3":{"loc":{"start":{"line":103,"column":24},"end":{"line":103,"column":113}},"type":"if","locations":[{"start":{"line":103,"column":24},"end":{"line":103,"column":113}}]},"4":{"loc":{"start":{"line":105,"column":24},"end":{"line":111,"column":null}},"type":"if","locations":[{"start":{"line":105,"column":24},"end":{"line":111,"column":null}}]},"5":{"loc":{"start":{"line":140,"column":46},"end":{"line":140,"column":64}},"type":"cond-expr","locations":[{"start":{"line":140,"column":56},"end":{"line":140,"column":58}},{"start":{"line":140,"column":56},"end":{"line":140,"column":64}}]},"6":{"loc":{"start":{"line":140,"column":46},"end":{"line":140,"column":58}},"type":"binary-expr","locations":[{"start":{"line":140,"column":46},"end":{"line":140,"column":58}},{"start":{"line":140,"column":56},"end":{"line":140,"column":58}}]},"7":{"loc":{"start":{"line":140,"column":46},"end":{"line":140,"column":56}},"type":"cond-expr","locations":[{"start":{"line":140,"column":50},"end":{"line":140,"column":52}},{"start":{"line":140,"column":46},"end":{"line":140,"column":56}}]},"8":{"loc":{"start":{"line":140,"column":46},"end":{"line":140,"column":52}},"type":"binary-expr","locations":[{"start":{"line":140,"column":46},"end":{"line":140,"column":52}},{"start":{"line":140,"column":46},"end":{"line":140,"column":52}}]},"9":{"loc":{"start":{"line":141,"column":46},"end":{"line":141,"column":64}},"type":"cond-expr","locations":[{"start":{"line":141,"column":56},"end":{"line":141,"column":58}},{"start":{"line":141,"column":56},"end":{"line":141,"column":64}}]},"10":{"loc":{"start":{"line":141,"column":46},"end":{"line":141,"column":58}},"type":"binary-expr","locations":[{"start":{"line":141,"column":46},"end":{"line":141,"column":58}},{"start":{"line":141,"column":56},"end":{"line":141,"column":58}}]},"11":{"loc":{"start":{"line":141,"column":46},"end":{"line":141,"column":56}},"type":"cond-expr","locations":[{"start":{"line":141,"column":50},"end":{"line":141,"column":52}},{"start":{"line":141,"column":46},"end":{"line":141,"column":56}}]},"12":{"loc":{"start":{"line":141,"column":46},"end":{"line":141,"column":52}},"type":"binary-expr","locations":[{"start":{"line":141,"column":46},"end":{"line":141,"column":52}},{"start":{"line":141,"column":46},"end":{"line":141,"column":52}}]},"13":{"loc":{"start":{"line":142,"column":50},"end":{"line":142,"column":66}},"type":"cond-expr","locations":[{"start":{"line":142,"column":54},"end":{"line":142,"column":56}},{"start":{"line":142,"column":50},"end":{"line":142,"column":66}}]},"14":{"loc":{"start":{"line":142,"column":50},"end":{"line":142,"column":56}},"type":"binary-expr","locations":[{"start":{"line":142,"column":50},"end":{"line":142,"column":56}},{"start":{"line":142,"column":50},"end":{"line":142,"column":56}}]},"15":{"loc":{"start":{"line":143,"column":48},"end":{"line":143,"column":62}},"type":"cond-expr","locations":[{"start":{"line":143,"column":52},"end":{"line":143,"column":54}},{"start":{"line":143,"column":48},"end":{"line":143,"column":62}}]},"16":{"loc":{"start":{"line":143,"column":48},"end":{"line":143,"column":54}},"type":"binary-expr","locations":[{"start":{"line":143,"column":48},"end":{"line":143,"column":54}},{"start":{"line":143,"column":48},"end":{"line":143,"column":54}}]},"17":{"loc":{"start":{"line":158,"column":8},"end":{"line":160,"column":null}},"type":"if","locations":[{"start":{"line":158,"column":8},"end":{"line":160,"column":null}}]},"18":{"loc":{"start":{"line":75,"column":24},"end":{"line":75,"column":86}},"type":"binary-expr","locations":[{"start":{"line":75,"column":24},"end":{"line":75,"column":54}},{"start":{"line":75,"column":58},"end":{"line":75,"column":86}}]},"19":{"loc":{"start":{"line":76,"column":33},"end":{"line":76,"column":61}},"type":"binary-expr","locations":[{"start":{"line":76,"column":33},"end":{"line":76,"column":55}},{"start":{"line":76,"column":59},"end":{"line":76,"column":61}}]},"20":{"loc":{"start":{"line":76,"column":33},"end":{"line":76,"column":55}},"type":"cond-expr","locations":[{"start":{"line":76,"column":43},"end":{"line":76,"column":45}},{"start":{"line":76,"column":43},"end":{"line":76,"column":55}}]},"21":{"loc":{"start":{"line":76,"column":33},"end":{"line":76,"column":45}},"type":"binary-expr","locations":[{"start":{"line":76,"column":33},"end":{"line":76,"column":45}},{"start":{"line":76,"column":43},"end":{"line":76,"column":45}}]},"22":{"loc":{"start":{"line":167,"column":8},"end":{"line":168,"column":37}},"type":"binary-expr","locations":[{"start":{"line":167,"column":9},"end":{"line":167,"column":55}},{"start":{"line":168,"column":12},"end":{"line":168,"column":37}}]},"23":{"loc":{"start":{"line":170,"column":8},"end":{"line":171,"column":58}},"type":"binary-expr","locations":[{"start":{"line":170,"column":9},"end":{"line":170,"column":73}},{"start":{"line":170,"column":77},"end":{"line":170,"column":107}},{"start":{"line":171,"column":12},"end":{"line":171,"column":58}}]},"24":{"loc":{"start":{"line":179,"column":8},"end":{"line":179,"column":54}},"type":"binary-expr","locations":[{"start":{"line":179,"column":8},"end":{"line":179,"column":22}},{"start":{"line":179,"column":26},"end":{"line":179,"column":54}}]}},"s":{"0":0,"1":0,"2":0,"3":0,"4":0,"5":0,"6":0,"7":0,"8":0,"9":0,"10":0,"11":0,"12":0,"13":0,"14":0,"15":0,"16":0,"17":0,"18":0,"19":0,"20":0,"21":0,"22":0,"23":0,"24":0,"25":0,"26":0,"27":0,"28":0,"29":0,"30":0,"31":0,"32":0,"33":0,"34":0,"35":0,"36":0,"37":0,"38":0,"39":0,"40":0,"41":0,"42":0,"43":0,"44":0,"45":0,"46":0,"47":0,"48":0,"49":0,"50":0,"51":0,"52":0,"53":0,"54":0,"55":0,"56":0},"f":{"0":0,"1":0,"2":0,"3":0,"4":0,"5":0,"6":0,"7":0,"8":0,"9":0,"10":0,"11":0,"12":0,"13":0,"14":0},"b":{"0":[0,0],"1":[0],"2":[0],"3":[0],"4":[0],"5":[0,0],"6":[0,0],"7":[0,0],"8":[0,0],"9":[0,0],"10":[0,0],"11":[0,0],"12":[0,0],"13":[0,0],"14":[0,0],"15":[0,0],"16":[0,0],"17":[0],"18":[0,0],"19":[0,0],"20":[0,0],"21":[0,0],"22":[0,0],"23":[0,0,0],"24":[0,0]}}
,"C:\\Users\\Admin\\Desktop\\cnth\\src\\pages\\DetailPages\\ComponentView.tsx": {"path":"C:\\Users\\Admin\\Desktop\\cnth\\src\\pages\\DetailPages\\ComponentView.tsx","statementMap":{"0":{"start":{"line":1,"column":0},"end":{"line":1,"column":25}},"1":{"start":{"line":2,"column":0},"end":{"line":2,"column":60}},"2":{"start":{"line":3,"column":0},"end":{"line":3,"column":61}},"3":{"start":{"line":5,"column":0},"end":{"line":5,"column":55}},"4":{"start":{"line":6,"column":0},"end":{"line":6,"column":65}},"5":{"start":{"line":7,"column":0},"end":{"line":7,"column":40}},"6":{"start":{"line":9,"column":0},"end":{"line":9,"column":null}},"7":{"start":{"line":9,"column":41},"end":{"line":9,"column":60}},"8":{"start":{"line":10,"column":4},"end":{"line":85,"column":null}},"9":{"start":{"line":11,"column":8},"end":{"line":84,"column":null}},"10":{"start":{"line":39,"column":86},"end":{"line":46,"column":34}},"11":{"start":{"line":52,"column":86},"end":{"line":57,"column":34}},"12":{"start":{"line":63,"column":87},"end":{"line":68,"column":34}},"13":{"start":{"line":75,"column":86},"end":{"line":79,"column":30}},"14":{"start":{"line":86,"column":0},"end":{"line":86,"column":null}}},"fnMap":{"0":{"name":"(anonymous_9)","decl":{"start":{"line":9,"column":0},"end":{"line":9,"column":41}},"loc":{"start":{"line":9,"column":0},"end":{"line":86,"column":null}}},"1":{"name":"(anonymous_11)","decl":{"start":{"line":10,"column":4},"end":{"line":10,"column":10}},"loc":{"start":{"line":10,"column":4},"end":{"line":85,"column":5}}},"2":{"name":"(anonymous_12)","decl":{"start":{"line":39,"column":61},"end":{"line":39,"column":62}},"loc":{"start":{"line":39,"column":81},"end":{"line":39,"column":null}}},"3":{"name":"(anonymous_13)","decl":{"start":{"line":52,"column":61},"end":{"line":52,"column":62}},"loc":{"start":{"line":52,"column":81},"end":{"line":52,"column":null}}},"4":{"name":"(anonymous_14)","decl":{"start":{"line":63,"column":62},"end":{"line":63,"column":63}},"loc":{"start":{"line":63,"column":82},"end":{"line":63,"column":null}}},"5":{"name":"(anonymous_15)","decl":{"start":{"line":75,"column":61},"end":{"line":75,"column":62}},"loc":{"start":{"line":75,"column":81},"end":{"line":75,"column":null}}}},"branchMap":{"0":{"loc":{"start":{"line":19,"column":35},"end":{"line":19,"column":62}},"type":"binary-expr","locations":[{"start":{"line":19,"column":35},"end":{"line":19,"column":57}},{"start":{"line":19,"column":61},"end":{"line":19,"column":62}}]},"1":{"loc":{"start":{"line":19,"column":35},"end":{"line":19,"column":57}},"type":"cond-expr","locations":[{"start":{"line":19,"column":50},"end":{"line":19,"column":52}},{"start":{"line":19,"column":50},"end":{"line":19,"column":57}}]},"2":{"loc":{"start":{"line":19,"column":35},"end":{"line":19,"column":52}},"type":"binary-expr","locations":[{"start":{"line":19,"column":35},"end":{"line":19,"column":52}},{"start":{"line":19,"column":50},"end":{"line":19,"column":52}}]},"3":{"loc":{"start":{"line":22,"column":39},"end":{"line":22,"column":61}},"type":"cond-expr","locations":[{"start":{"line":22,"column":54},"end":{"line":22,"column":56}},{"start":{"line":22,"column":54},"end":{"line":22,"column":61}}]},"4":{"loc":{"start":{"line":22,"column":39},"end":{"line":22,"column":56}},"type":"binary-expr","locations":[{"start":{"line":22,"column":39},"end":{"line":22,"column":56}},{"start":{"line":22,"column":54},"end":{"line":22,"column":56}}]},"5":{"loc":{"start":{"line":27,"column":25},"end":{"line":27,"column":46}},"type":"cond-expr","locations":[{"start":{"line":27,"column":40},"end":{"line":27,"column":42}},{"start":{"line":27,"column":40},"end":{"line":27,"column":46}}]},"6":{"loc":{"start":{"line":27,"column":25},"end":{"line":27,"column":42}},"type":"binary-expr","locations":[{"start":{"line":27,"column":25},"end":{"line":27,"column":42}},{"start":{"line":27,"column":40},"end":{"line":27,"column":42}}]},"7":{"loc":{"start":{"line":32,"column":29},"end":{"line":32,"column":56}},"type":"cond-expr","locations":[{"start":{"line":32,"column":44},"end":{"line":32,"column":46}},{"start":{"line":32,"column":44},"end":{"line":32,"column":56}}]},"8":{"loc":{"start":{"line":32,"column":29},"end":{"line":32,"column":46}},"type":"binary-expr","locations":[{"start":{"line":32,"column":29},"end":{"line":32,"column":46}},{"start":{"line":32,"column":44},"end":{"line":32,"column":46}}]},"9":{"loc":{"start":{"line":39,"column":33},"end":{"line":46,"column":34}},"type":"cond-expr","locations":[{"start":{"line":39,"column":55},"end":{"line":39,"column":57}},{"start":{"line":39,"column":55},"end":{"line":46,"column":34}}]},"10":{"loc":{"start":{"line":39,"column":33},"end":{"line":39,"column":57}},"type":"binary-expr","locations":[{"start":{"line":39,"column":33},"end":{"line":39,"column":57}},{"start":{"line":39,"column":55},"end":{"line":39,"column":57}}]},"11":{"loc":{"start":{"line":39,"column":33},"end":{"line":39,"column":55}},"type":"cond-expr","locations":[{"start":{"line":39,"column":48},"end":{"line":39,"column":50}},{"start":{"line":39,"column":48},"end":{"line":39,"column":55}}]},"12":{"loc":{"start":{"line":39,"column":33},"end":{"line":39,"column":50}},"type":"binary-expr","locations":[{"start":{"line":39,"column":33},"end":{"line":39,"column":50}},{"start":{"line":39,"column":48},"end":{"line":39,"column":50}}]},"13":{"loc":{"start":{"line":52,"column":33},"end":{"line":57,"column":34}},"type":"cond-expr","locations":[{"start":{"line":52,"column":55},"end":{"line":52,"column":57}},{"start":{"line":52,"column":55},"end":{"line":57,"column":34}}]},"14":{"loc":{"start":{"line":52,"column":33},"end":{"line":52,"column":57}},"type":"binary-expr","locations":[{"start":{"line":52,"column":33},"end":{"line":52,"column":57}},{"start":{"line":52,"column":55},"end":{"line":52,"column":57}}]},"15":{"loc":{"start":{"line":52,"column":33},"end":{"line":52,"column":55}},"type":"cond-expr","locations":[{"start":{"line":52,"column":48},"end":{"line":52,"column":50}},{"start":{"line":52,"column":48},"end":{"line":52,"column":55}}]},"16":{"loc":{"start":{"line":52,"column":33},"end":{"line":52,"column":50}},"type":"binary-expr","locations":[{"start":{"line":52,"column":33},"end":{"line":52,"column":50}},{"start":{"line":52,"column":48},"end":{"line":52,"column":50}}]},"17":{"loc":{"start":{"line":63,"column":33},"end":{"line":68,"column":34}},"type":"cond-expr","locations":[{"start":{"line":63,"column":56},"end":{"line":63,"column":58}},{"start":{"line":63,"column":56},"end":{"line":68,"column":34}}]},"18":{"loc":{"start":{"line":63,"column":33},"end":{"line":63,"column":58}},"type":"binary-expr","locations":[{"start":{"line":63,"column":33},"end":{"line":63,"column":58}},{"start":{"line":63,"column":56},"end":{"line":63,"column":58}}]},"19":{"loc":{"start":{"line":75,"column":29},"end":{"line":79,"column":30}},"type":"cond-expr","locations":[{"start":{"line":75,"column":55},"end":{"line":75,"column":57}},{"start":{"line":75,"column":55},"end":{"line":79,"column":30}}]},"20":{"loc":{"start":{"line":75,"column":29},"end":{"line":75,"column":57}},"type":"binary-expr","locations":[{"start":{"line":75,"column":29},"end":{"line":75,"column":57}},{"start":{"line":75,"column":55},"end":{"line":75,"column":57}}]},"21":{"loc":{"start":{"line":75,"column":29},"end":{"line":75,"column":55}},"type":"cond-expr","locations":[{"start":{"line":75,"column":44},"end":{"line":75,"column":46}},{"start":{"line":75,"column":44},"end":{"line":75,"column":55}}]},"22":{"loc":{"start":{"line":75,"column":29},"end":{"line":75,"column":46}},"type":"binary-expr","locations":[{"start":{"line":75,"column":29},"end":{"line":75,"column":46}},{"start":{"line":75,"column":44},"end":{"line":75,"column":46}}]}},"s":{"0":0,"1":0,"2":0,"3":0,"4":0,"5":0,"6":0,"7":0,"8":0,"9":0,"10":0,"11":0,"12":0,"13":0,"14":0},"f":{"0":0,"1":0,"2":0,"3":0,"4":0,"5":0},"b":{"0":[0,0],"1":[0,0],"2":[0,0],"3":[0,0],"4":[0,0],"5":[0,0],"6":[0,0],"7":[0,0],"8":[0,0],"9":[0,0],"10":[0,0],"11":[0,0],"12":[0,0],"13":[0,0],"14":[0,0],"15":[0,0],"16":[0,0],"17":[0,0],"18":[0,0],"19":[0,0],"20":[0,0],"21":[0,0],"22":[0,0]}}
}
