TN:
SF:src\pages\BoilerplatePages\ComponentController.tsx
FN:53,(anonymous_20)
FN:54,ComponentController
FN:68,(anonymous_22)
FN:78,(anonymous_25)
FN:78,(anonymous_26)
FN:85,(anonymous_28)
FN:85,(anonymous_29)
FN:89,(anonymous_31)
FN:111,(anonymous_32)
FN:137,(anonymous_33)
FN:141,(anonymous_34)
FN:122,(anonymous_37)
FN:124,(anonymous_38)
FNF:13
FNH:1
FNDA:1,(anonymous_20)
FNDA:0,ComponentController
FNDA:0,(anonymous_22)
FNDA:0,(anonymous_25)
FNDA:0,(anonymous_26)
FNDA:0,(anonymous_28)
FNDA:0,(anonymous_29)
FNDA:0,(anonymous_31)
FNDA:0,(anonymous_32)
FNDA:0,(anonymous_33)
FNDA:0,(anonymous_34)
FNDA:0,(anonymous_37)
FNDA:0,(anonymous_38)
DA:2,1
DA:53,1
DA:55,0
DA:57,0
DA:68,0
DA:70,0
DA:72,0
DA:73,0
DA:75,0
DA:77,0
DA:78,0
DA:79,0
DA:80,0
DA:82,0
DA:84,0
DA:85,0
DA:86,0
DA:87,0
DA:89,0
DA:90,0
DA:99,0
DA:107,0
DA:111,0
DA:116,0
DA:118,0
DA:122,1
DA:123,0
DA:124,0
DA:125,0
DA:129,0
DA:132,0
DA:133,0
DA:137,0
DA:138,0
DA:141,0
DA:142,0
DA:144,1
LF:37
LH:4
BRDA:55,0,0,0
BRDA:55,0,1,0
BRDA:79,1,0,0
BRDA:86,2,0,0
BRDA:89,3,0,0
BRDA:123,4,0,0
BRDA:125,5,0,0
BRDA:125,5,1,0
BRDA:132,6,0,0
BRF:9
BRH:0
end_of_record
TN:
SF:src\pages\BoilerplatePages\ComponentView.tsx
FN:9,(anonymous_9)
FN:10,(anonymous_11)
FN:20,(anonymous_12)
FN:22,(anonymous_13)
FN:25,(anonymous_14)
FN:26,(anonymous_15)
FN:31,(anonymous_16)
FNF:7
FNH:1
FNDA:1,(anonymous_9)
FNDA:0,(anonymous_11)
FNDA:0,(anonymous_12)
FNDA:0,(anonymous_13)
FNDA:0,(anonymous_14)
FNDA:0,(anonymous_15)
FNDA:0,(anonymous_16)
DA:2,1
DA:3,1
DA:5,1
DA:6,1
DA:7,1
DA:9,1
DA:10,1
DA:11,0
DA:20,0
DA:22,0
DA:25,0
DA:27,0
DA:28,0
DA:31,0
DA:38,1
LF:15
LH:8
BRDA:18,0,0,0
BRDA:18,0,1,0
BRDA:27,1,0,0
BRDA:27,2,0,0
BRDA:27,2,1,0
BRDA:31,3,0,0
BRDA:31,3,1,0
BRF:7
BRH:0
end_of_record
TN:
SF:src\pages\DetailPages\ComponentController.tsx
FN:65,(anonymous_19)
FN:68,ComponentController
FN:82,(anonymous_21)
FN:82,(anonymous_22)
FN:100,(anonymous_24)
FN:100,(anonymous_25)
FN:105,(anonymous_27)
FN:131,(anonymous_28)
FN:133,(anonymous_29)
FN:153,(anonymous_30)
FN:157,(anonymous_31)
FN:161,(anonymous_32)
FN:166,(anonymous_33)
FN:174,(anonymous_34)
FN:178,(anonymous_35)
FNF:15
FNH:0
FNDA:0,(anonymous_19)
FNDA:0,ComponentController
FNDA:0,(anonymous_21)
FNDA:0,(anonymous_22)
FNDA:0,(anonymous_24)
FNDA:0,(anonymous_25)
FNDA:0,(anonymous_27)
FNDA:0,(anonymous_28)
FNDA:0,(anonymous_29)
FNDA:0,(anonymous_30)
FNDA:0,(anonymous_31)
FNDA:0,(anonymous_32)
FNDA:0,(anonymous_33)
FNDA:0,(anonymous_34)
FNDA:0,(anonymous_35)
DA:2,0
DA:65,0
DA:66,0
DA:68,0
DA:69,0
DA:71,0
DA:82,0
DA:83,0
DA:86,0
DA:88,0
DA:89,0
DA:90,0
DA:93,0
DA:94,0
DA:95,0
DA:98,0
DA:99,0
DA:100,0
DA:102,0
DA:103,0
DA:104,0
DA:105,0
DA:106,0
DA:113,0
DA:117,0
DA:132,0
DA:134,0
DA:137,0
DA:147,0
DA:149,0
DA:153,0
DA:154,0
DA:157,0
DA:158,0
DA:159,0
DA:161,0
DA:162,0
DA:166,0
DA:167,0
DA:170,0
DA:174,0
DA:175,0
DA:178,0
DA:179,0
DA:182,0
LF:45
LH:0
BRDA:69,0,0,0
BRDA:69,0,1,0
BRDA:89,1,0,0
BRDA:94,2,0,0
BRDA:103,3,0,0
BRDA:105,4,0,0
BRDA:140,5,0,0
BRDA:140,5,1,0
BRDA:140,6,0,0
BRDA:140,6,1,0
BRDA:140,7,0,0
BRDA:140,7,1,0
BRDA:140,8,0,0
BRDA:140,8,1,0
BRDA:141,9,0,0
BRDA:141,9,1,0
BRDA:141,10,0,0
BRDA:141,10,1,0
BRDA:141,11,0,0
BRDA:141,11,1,0
BRDA:141,12,0,0
BRDA:141,12,1,0
BRDA:142,13,0,0
BRDA:142,13,1,0
BRDA:142,14,0,0
BRDA:142,14,1,0
BRDA:143,15,0,0
BRDA:143,15,1,0
BRDA:143,16,0,0
BRDA:143,16,1,0
BRDA:158,17,0,0
BRDA:75,18,0,0
BRDA:75,18,1,0
BRDA:76,19,0,0
BRDA:76,19,1,0
BRDA:76,20,0,0
BRDA:76,20,1,0
BRDA:76,21,0,0
BRDA:76,21,1,0
BRDA:167,22,0,0
BRDA:167,22,1,0
BRDA:170,23,0,0
BRDA:170,23,1,0
BRDA:170,23,2,0
BRDA:179,24,0,0
BRDA:179,24,1,0
BRF:46
BRH:0
end_of_record
TN:
SF:src\pages\DetailPages\ComponentView.tsx
FN:9,(anonymous_9)
FN:10,(anonymous_11)
FN:39,(anonymous_12)
FN:52,(anonymous_13)
FN:63,(anonymous_14)
FN:75,(anonymous_15)
FNF:6
FNH:0
FNDA:0,(anonymous_9)
FNDA:0,(anonymous_11)
FNDA:0,(anonymous_12)
FNDA:0,(anonymous_13)
FNDA:0,(anonymous_14)
FNDA:0,(anonymous_15)
DA:1,0
DA:2,0
DA:3,0
DA:5,0
DA:6,0
DA:7,0
DA:9,0
DA:10,0
DA:11,0
DA:39,0
DA:52,0
DA:63,0
DA:75,0
DA:86,0
LF:14
LH:0
BRDA:19,0,0,0
BRDA:19,0,1,0
BRDA:19,1,0,0
BRDA:19,1,1,0
BRDA:19,2,0,0
BRDA:19,2,1,0
BRDA:22,3,0,0
BRDA:22,3,1,0
BRDA:22,4,0,0
BRDA:22,4,1,0
BRDA:27,5,0,0
BRDA:27,5,1,0
BRDA:27,6,0,0
BRDA:27,6,1,0
BRDA:32,7,0,0
BRDA:32,7,1,0
BRDA:32,8,0,0
BRDA:32,8,1,0
BRDA:39,9,0,0
BRDA:39,9,1,0
BRDA:39,10,0,0
BRDA:39,10,1,0
BRDA:39,11,0,0
BRDA:39,11,1,0
BRDA:39,12,0,0
BRDA:39,12,1,0
BRDA:52,13,0,0
BRDA:52,13,1,0
BRDA:52,14,0,0
BRDA:52,14,1,0
BRDA:52,15,0,0
BRDA:52,15,1,0
BRDA:52,16,0,0
BRDA:52,16,1,0
BRDA:63,17,0,0
BRDA:63,17,1,0
BRDA:63,18,0,0
BRDA:63,18,1,0
BRDA:75,19,0,0
BRDA:75,19,1,0
BRDA:75,20,0,0
BRDA:75,20,1,0
BRDA:75,21,0,0
BRDA:75,21,1,0
BRDA:75,22,0,0
BRDA:75,22,1,0
BRF:46
BRH:0
end_of_record
